[33mcommit cf6368aad310e7f17770c35daddecc14b1e7e0ec[m[33m ([m[1;36mHEAD -> [m[1;32mmaster[m[33m)[m
Author: perfectless <3346563533@qq.com>
Date:   Mon May 13 17:03:00 2019 +0800

    Learnign...

[33mcommit 8164fff07b94d5cdcd49ea6238a2b71d64b48ecd[m
Author: perfectless <3346563533@qq.com>
Date:   Mon May 13 17:02:07 2019 +0800

    delete test

[33mcommit 701bb1156599ae69203c09b5c6aaf7892b4a8f79[m
Author: perfectless <3346563533@qq.com>
Date:   Mon May 13 16:42:45 2019 +0800

    Learning...

[33mcommit ff2f1bf987512d6e5cd60b2ffc74b006fccebba7[m
Author: perfectless <3346563533@qq.com>
Date:   Mon May 13 16:32:26 2019 +0800

    Learning...

[33mcommit 5dfa598e9f32dbce3add88bfc50d1b42da512047[m
Author: perfectless <3346563533@qq.com>
Date:   Mon May 13 16:22:50 2019 +0800

    git tracks changes2

[33mcommit ac2ae920ad6c64fd5caa8c7c61d701494652cbc0[m
Author: perfectless <3346563533@qq.com>
Date:   Mon May 13 16:20:49 2019 +0800

    git tracks changes

[33mcommit ad8cf4b3ed67e3662a80ddbb3fa4ff758d1dac01[m
Author: perfectless <3346563533@qq.com>
Date:   Mon May 13 16:18:16 2019 +0800

    Learning...

[33mcommit 33cf1abfaf1ceda21a7451f2f9ea54b6bbecb522[m
Author: perfectless <3346563533@qq.com>
Date:   Mon May 13 16:14:30 2019 +0800

    understand how stage works

[33mcommit f2504449d7f3590d571032796c6ca0a77c1fd1f3[m
Author: perfectless <3346563533@qq.com>
Date:   Mon May 13 16:08:22 2019 +0800

    Learning...

[33mcommit 830195225d1c3d7334e3cf5e699d07b37a51c60d[m
Author: perfectless <3346563533@qq.com>
Date:   Mon May 13 15:54:37 2019 +0800

    null

[33mcommit 92af61d659f1954380c8ba45979676d388ec3ac5[m
Author: perfectless <3346563533@qq.com>
Date:   Mon May 13 15:27:43 2019 +0800

    append GPL

[33mcommit 1cfadbafdec8f239551b995daadc92375593f02c[m
Author: perfectless <3346563533@qq.com>
Date:   Mon May 13 15:26:26 2019 +0800

    learning...

[33mcommit afd8c8f6ed1ff4ca50f3d3b94d5e859fd6c1029e[m
Author: perfectless <3346563533@qq.com>
Date:   Mon May 13 15:17:51 2019 +0800

    add distributed

[33mcommit c6a366f6ee07f1c10b47bb73567491dd4b24ac8b[m
Author: perfectless <3346563533@qq.com>
Date:   Mon May 13 15:12:49 2019 +0800

    LearningNnote

[33mcommit 4515a3d79a48a8d0131b3e7b4a53ec13814c0fa3[m
Author: perfectless <3346563533@qq.com>
Date:   Mon May 13 15:02:22 2019 +0800

    wrote a readme file
